[3;J[H[2Jtotal 0
-r--r-xr-x 1 ucv ucv 38 Jun  1 23:42 testJour00
ex01 done
total 0
drwx--xr-x 1 ucv ucv 4096 Jun  1 20:47 test0
-rw-rw-rw- 1 ucv ucv    4 Jun  1 20:47 test1
dr-x--xr-- 1 ucv ucv 4096 Jun  1 20:47 test2
-r-----r-- 1 ucv ucv    1 Jun  1 20:47 test3
-rw-r----x 1 ucv ucv    2 Jun  1 20:47 test4
-r-----r-- 1 ucv ucv    1 Jun  1 20:47 test5
lrwxrwxrwx 1 ucv ucv    5 Jul 24 00:18 test6 -> test0
ex03 done
ex03 done
ex04 done
ldapsearch -x 'uid=z*' | grep -i 'cn:' | sort -r | cut -c 5-ex05 done
ex06 done
ls -Utmpex07 done
Z
ex08 done
Episode V, A NEW H0PE It is a period of civil war
Rebel spaceships, striking from a hidden base, have won their first victory against the evil Galactic Empire. 
During the battle, Rebel spies managed to steal secret plans to the Empire's ultimate weapon, the STAR DEATH, an armored space station with enough power to destroy an entire planet.


Pursued by the Empire's sinister agents,
Princess Mehdi races home aboard her starship, custodian of the stolen plans that can save her people and restore the dictatorship to the galaxie..



